<?xml version="1.0" encoding="UTF-8"?>
<!-- Generated by org.testng.reporters.JUnitReportReporter -->
<testsuite hostname="Mac1s-MBP" failures="0" tests="2" name="TestCase.LoginGAgal" time="112.575" errors="0" timestamp="2023-11-01T22:38:03 WIB" skipped="0">
  <testcase classname="TestCase.LoginGAgal" name="LoginInvalidNOtelpsalah" time="93.536"/>
  <system-out/>
  <testcase classname="TestCase.LoginGAgal" name="LoginInvalidPasswordSalah" time="19.039"/>
  <system-out/>
</testsuite> <!-- TestCase.LoginGAgal -->
