<?xml version="1.0" encoding="UTF-8"?>
<!-- Generated by org.testng.reporters.JUnitReportReporter -->
<testsuite hostname="Mac1s-MacBook-Pro.local" failures="0" tests="1" name="TestCase.c_Login_Google" time="16.755" errors="0" timestamp="2023-11-03T12:16:29 WIB" skipped="0">
  <testcase classname="TestCase.c_Login_Google" name="Login_valid_TanpaInputGoogle" time="16.755"/>
  <system-out/>
</testsuite> <!-- TestCase.c_Login_Google -->
