<?xml version="1.0" encoding="UTF-8"?>
<!-- Generated by org.testng.reporters.JUnitReportReporter -->
<testsuite hostname="Mac1s-MBP" failures="0" tests="1" name="TestCase.TC1_RegisterBerhasil" time="20.563" errors="0" timestamp="2023-11-02T23:36:42 WIB" skipped="0">
  <testcase classname="TestCase.TC1_RegisterBerhasil" name="Login_valid" time="20.563"/>
  <system-out/>
</testsuite> <!-- TestCase.TC1_RegisterBerhasil -->
