<?xml version="1.0" encoding="UTF-8"?>
<!-- Generated by org.testng.reporters.JUnitReportReporter -->
<testsuite hostname="Mac1s-MacBook-Pro.local" failures="0" tests="1" name="TestCase.TC1_RegisterBerhasil" time="34.678" errors="0" timestamp="2023-11-28T14:32:33 WIB" skipped="0">
  <testcase classname="TestCase.TC1_RegisterBerhasil" name="getPhone" time="34.678"/>
  <system-out/>
</testsuite> <!-- TestCase.TC1_RegisterBerhasil -->
