<?xml version="1.0" encoding="UTF-8"?>
<!-- Generated by org.testng.reporters.JUnitReportReporter -->
<testsuite hostname="Mac1s-MBP" failures="0" tests="1" name="TestCase.test" time="6.692" errors="0" timestamp="2023-11-28T14:26:11 WIB" skipped="0">
  <testcase classname="TestCase.test" name="getPhone" time="6.692"/>
  <system-out/>
</testsuite> <!-- TestCase.test -->
