<?xml version="1.0" encoding="UTF-8"?>
<!-- Generated by org.testng.reporters.JUnitReportReporter -->
<testsuite hostname="Mac1s-MBP" failures="0" tests="1" name="TestCase.b_Login_Email" time="21.311" errors="0" timestamp="2023-11-02T23:02:26 WIB" skipped="0">
  <testcase classname="TestCase.b_Login_Email" name="Login_Email_Valid" time="21.311"/>
  <system-out/>
</testsuite> <!-- TestCase.b_Login_Email -->
