<?xml version="1.0" encoding="UTF-8"?>
<!-- Generated by org.testng.reporters.JUnitReportReporter -->
<testsuite hostname="Mac1s-MacBook-Pro.local" failures="0" tests="1" name="TestCase.OpenBrowser" time="29.595" errors="0" timestamp="2023-10-31T16:58:58 WIB" skipped="0">
  <testcase classname="TestCase.OpenBrowser" name="OpenChrome" time="29.595"/>
  <system-out/>
</testsuite> <!-- TestCase.OpenBrowser -->
